a--premature 1
absent-mindedness 1
accidentally 1
accomplishing 1
acquaintance 2
added-``after 1
administration 1
advertisement 1
ambiguous-looking 1
and-preferred 1
anticipations 1
appearance;-this 1
apprehension 1
ascertainable 1
associations-an 1
astonishment 1
bar-tender's 1
beer-nippers 1
before-would 1
beneficially 1
benevolently 1
blanket-like 1
bound-indeed 1
bound-to-to-to 1
business-that 1
cadaverously 1
canal-street 1
candle-light 1
cause-indigestion-the 1
church-going 1
circumstance 1
circumstances 5
coincidences 1
combativeness 1
comparatively 1
compassionate 1
compassionated 1
comprehended 1
confidential 1
considerable 3
considerably 2
consideration 3
considerations 2
consternation 2
constituents 1
constitution 2
constructing 1
contemplating 1
conversation 1
conversation,-how 1
deferentially 2
demonstrations 1
densely-populated 1
determination 1
disconcerted 1
disinterested 1
dispassionate 1
disqualified 1
dwelling-and 1
eating-houses 1
eccentricities 6
exasperating 1
extraordinary 3
fancyings-chimeras 1
fellow-feeling 1
folding-door 1
folding-doors 4
friendlessness 1
genteel-like 1
going-good-bye 1
good-natured 1
grass-platted 1
gratification 1
grounds-cool 1
handkerchief 1
high-tempered 1
highly-respectable 1
hopelessness 2
ignominiously 2
ill-tempered 1
impertinence 1
inadvertence 1
inadvertently 1
incautiously 1
incidentally 1
incontinently 1
inconvenience 1
indifference 1
indifferently 1
indispensable 3
instinctively 1
intelligence 1
involuntarily 2
irresistible 1
irresistibly 1
irreversible 1
irritability 2
law-chambers 1
law-copyists 2
lies-sleeping 1
long-continued 1
maledictions 2
manhattanville 1
manifestations 1
me-gesticulating 1
mechanically 1
meridian-his 1
methodically 1
misunderstood 1
motionlessness 1
near-sighted 1
nevertheless 5
nippers-``i'd 1
no.-wall-street 3
not-unpleasing 1
now-pallidly 1
observations 1
obstreperous 1
obstreperousness 1
occasionally 2
oratorically 1
organization 1
overpowering 1
paper-weight 1
peculiarities 1
perverseness 1
perverseness-such 1
philanthropy 1
piratical-looking 1
plaster-of-paris 1
pocket-and-and 1
powers-ambition 1
practice-there 1
precipitately 1
predestinated 2
presentiments 1
probabilities 1
professional 4
professionally 1
prospectively 1
proverbially 2
quadruplicate 1
quadruplicates 1
qualifications 1
quick-witted 1
reasonable:-say 1
recklessness 1
reinforcement 1
remonstrated 1
remunerative 1
respectfully 2
retrospectively 1
round,-``and 1
satisfactory 2
saying-``with 1
scandalizing 1
self-approval 1
self-indulgent 1
self-interest 1
self-possessed 2
shirt-button 1
sir;-spacious 1
spitzenbergs 1
squeamishness 1
stipulations 1
sufficiently 2
superstitious 1
surrendering 1
surroundings 1
temperaments 1
then,-strange 1
there;-first 1
there?-copying 1
thoroughfares 1
thunderstruck 1
tranquillity 3
unaccountable 2
unaccountably 1
unaffectedly 1
unalterableness 1
unanswerable 1
uncharitable 1
uncomfortable 1
unconditionally 1
understanding 1
undiminished 1
unobstructed 1
unofficially 1
unprecedented 1
unreasonable 1
unreasonableness 1
unreservedly 1
unwarrantable 1
wafers-indeed 1
ward-politician 1
within-``not 1
