the 603
i 519
to 432
and 376
of 359
a 334
in 265
his 219
he 218
my 196
was 195
that 194
it 164
not 151
me 141
him 139
you 125
but 121
bartleby 118
at 116
with 111
for 108
as 101
would 96
had 88
be 83
is 74
this 70
all 67
upon 66
by 66
from 64
said 58
on 58
no 57
what 55
so 54
one 51
have 50
do 50
an 48
any 47
will 46
then 46
which 45
or 44
if 44
there 43
some 42
prefer 39
now 39
turkey 38
office 38
when 36
man 36
are 34
nippers 31
more 31
could 31
were 30
thought 30
very 29
up 29
must 28
your 27
such 27
out 27
nothing 27
into 27
time 26
myself 26
been 25
am 25
thing 24
other 24
never 24
morning 24
might 24
like 24
business 24
who 23
them 23
sir 23
own 23
here 23
being 23
about 23
did 22
day 22
these 21
think 20
should 20
last 20
after 20
yet 19
something 19
screen 19
over 19
little 19
behind 18
without 17
they 17
than 17
scrivener 17
say 17
word 16
went 16
towards 16
though 16
seemed 16
room 16
only 16
too 15
papers 15
indeed 15
certain 15
answer 15
afternoon 15
while 14
under 14
two 14
sort 14
see 14
place 14
how 14
himself 14
has 14
great 14
ginger 14
few 14
every 14
chambers 14
again 14
those 13
shall 13
rather 13
present 13
next 13
made 13
first 13
door 13
desk 13
days 13
can 13
before 13
away 13
saw 12
down 12
common 12
came 12
way 11
their 11
take 11
round 11
old 11
nut 11
much 11
may 11
know 11
hand 11
go 11
give 11
well 10
table 10
strange 10
standing 10
short 10
sat 10
same 10
reply 10
replied 10
person 10
pale 10
mind 10
life 10
left 10
good 10
further 10
eyes 10
examine 10
done 10
called 10
wall 9
twelve 9
tone 9
through 9
remained 9
quite 9
quit 9
premises 9
poor 9
o'clock 9
most 9
moment 9
just 9
its 9
going 9
face 9
copying 9
among 9
against 9
yes 8
within 8
whom 8
where 8
still 8
sake 8
rid 8
make 8
least 8
home 8
help 8
felt 8
fact 8
ever 8
even 8
entirely 8
does 8
dinner 8
coat 8
cannot 8
best 8
another 8
added 8
writing 7
words 7
window 7
why 7
whether 7
we 7
submission 7
speak 7
small 7
remembered 7
put 7
purpose 7
paper 7
original 7
open 7
new 7
men 7
matter 7
manner 7
looking 7
let 7
key 7
kept 7
however 7
hermitage 7
having 7
found 7
copy 7
come 7
call 7
bartleby's 7
alone 7
walk 6
view 6
turning 6
turkey's 6
touching 6
things 6
tell 6
sure 6
sunday 6
strangely 6
stood 6
stay 6
soul 6
sometimes 6
seen 6
scriveners 6
right 6
resolved 6
removed 6
reason 6
prove 6
pity 6
period 6
peculiar 6
passed 6
part 6
once 6
making 6
looked 6
knew 6
head 6
grub-man 6
ginger-nuts 6
get 6
full 6
friend 6
floor 6
far 6
effect 6
eccentricities 6
doing 6
documents 6
course 6
concerning 6
clerks 6
chair 6
calling 6
always 6
young 5
whole 5
ways 5
want 5
vagrant 5
usual 5
turned 5
touched 5
tombs 5
times 5
thrust 5
threw 5
three 5
third 5
surely 5
stairs 5
sorry 5
soon 5
simply 5
silently 5
services 5
seem 5
second 5
saying 5
returned 5
remain 5
procedure 5
point 5
plain 5
perhaps 5
particular 5
otherwise 5
opened 5
often 5
off 5
night 5
nevertheless 5
melancholy 5
mean 5
look 5
long 5
letters 5
less 5
lawyer 5
law 5
late 5
immediately 5
high 5
hands 5
ground 5
gone 5
gently 5
four 5
find 5
feel 5
entered 5
end 5
else 5
duty 5
dropped 5
doubtless 5
died 5
decided 5
dead 5
cried 5
consider 5
closed 5
circumstances 5
change 5
building 5
better 5
because 5
became 5
assumed 5
assist 5
appeared 5
answered 5
air 5
account 5
yourself 4
work 4
wanted 4
voice 4
useful 4
twenty 4
turn 4
truth 4
together 4
to-day 4
till 4
taken 4
suit 4
sudden 4
step 4
state 4
sound 4
slowly 4
six 4
singular 4
side 4
sent 4
seldom 4
scrivener's 4
refuses 4
received 4
rate 4
ran 4
quiet 4
professional 4
proceeding 4
private 4
possibly 4
possible 4
persons 4
perfectly 4
passion 4
owing 4
offices 4
occurred 4
occupied 4
nervous 4
nay 4
nature 4
name 4
mouth 4
moreover 4
money 4
mine 4
mildly 4
mere 4
means 4
longer 4
leisure 4
legal 4
led 4
landlord 4
known 4
idea 4
hurried 4
human 4
history 4
heart 4
heard 4
hat 4
hardly 4
given 4
gentlemen 4
gentlemanly 4
folding-doors 4
final 4
fellow 4
feet 4
exclaimed 4
excited 4
especially 4
ere 4
eats 4
each 4
depart 4
dead-wall 4
curiosity 4
creature 4
corner 4
copyist 4
copies 4
considered 4
conduct 4
concluded 4
close 4
clerk 4
case 4
calm 4
broadway 4
body 4
between 4
believe 4
began 4
back 4
assumption 4
assume 4
asked 4
altogether 4
years 3
yards 3
wrote 3
write 3
world 3
wonderful 3
won't 3
wholly 3
white 3
whatever 3
week 3
wall-street 3
walked 3
waiting 3
visited 3
vanity 3
usage 3
us 3
urged 3
uneasiness 3
turnkey 3
tranquilly 3
tranquillity 3
thus 3
thinking 3
that's 3
terrible 3
tenants 3
temper 3
taking 3
suppose 3
summer 3
success 3
street 3
stand 3
sorts 3
somehow 3
solitary 3
slid 3
sitting 3
sit 3
since 3
silent 3
sight 3
shoulder 3
severe 3
several 3
set 3
seriously 3
sense 3
seek 3
sad 3
rooms 3
revolving 3
reveries 3
retreat 3
resisted 3
request 3
report 3
refuse 3
reference 3
red 3
receiving 3
reasonable 3
rash 3
question 3
prudent 3
privacy 3
previous 3
prefers 3
position 3
perplexity 3
perceived 3
pay 3
pallid 3
our 3
ought 3
oh 3
offered 3
occupying 3
occasion 3
noon 3
none 3
no.-wall-street 3
natural 3
mr 3
mood 3
misery 3
mild 3
meridian 3
meaning 3
many 3
lose 3
locked 3
lock 3
live 3
light 3
letter 3
leave 3
lean 3
keep 3
john 3
jacob 3
instant 3
informed 3
individual 3
indispensable 3
indigestion 3
inasmuch 3
impatience 3
imagination 3
idle 3
house 3
hours 3
hear 3
he's 3
harmless 3
grew 3
gray 3
got 3
good-bye 3
gloom 3
getting 3
gentleman 3
generally 3
friends 3
forth 3
folded 3
finding 3
feeling 3
extraordinary 3
excitement 3
except 3
examining 3
events 3
entry 3
engaged 3
energetic 3
during 3
dull 3
drawing 3
doors 3
document 3
direction 3
deranged 3
deemed 3
declined 3
cutlets 3
countenance 3
copied 3
continually 3
consideration 3
considerable 3
conscience 3
confinement 3
compliance 3
committed 3
coming 3
colt 3
coats 3
clerkship 3
charge 3
chancery 3
certainly 3
buildings 3
brought 3
both 3
blots 3
black 3
bit 3
besides 3
benefit 3
begins 3
aware 3
aspect 3
arrangement 3
arms 3
arm 3
apt 3
appearance 3
appear 3
also 3
already 3
almost 3
affairs 3
advanced 3
addressing 3
accordingly 3
according 3
above 3
youth 2
yonder 2
yard 2
written 2
worked 2
withdraw 2
wished 2
wise 2
windows 2
willing 2
whereas 2
warm 2
vouchsafed 2
visits 2
violently 2
violent 2
victim 2
various 2
valuable 2
vague 2
using 2
use 2
unusual 2
unto 2
unpleasant 2
unmanned 2
unfortunate 2
unemployed 2
uncarpeted 2
unaccountable 2
true 2
trouble 2
trivial 2
trinity 2
tried 2
tremor 2
town 2
took 2
tongue 2
told 2
tidings 2
thrusting 2
throw 2
threshold 2
thoughts 2
tempted 2
teeth 2
tame 2
sweet 2
surrounding 2
support 2
summary 2
suitable 2
sufficiently 2
suffering 2
suffered 2
suddenly 2
subsequent 2
stubborn 2
strove 2
strike 2
stranger 2
straight 2
stooped 2
stillness 2
steadfastly 2
stationary 2
statement 2
stated 2
starve 2
stare 2
spoke 2
spicy 2
special 2
speaking 2
sore 2
somewhat 2
solitude 2
soap 2
snug 2
slipping 2
slightly 2
slightest 2
slept 2
sleeves 2
sleeping 2
singularly 2
shirt 2
sheet 2
settle 2
selfishness 2
self-possessed 2
seize 2
seeing 2
seat 2
scrape 2
says 2
satisfactory 2
sarvant 2
safe 2
sadly 2
rumor 2
ruler 2
rose 2
rolled 2
rockaway 2
roared 2
rise 2
revery 2
retired 2
rest 2
responsible 2
respectfully 2
respect 2
resentment 2
required 2
repeat 2
remove 2
remarks 2
regard 2
reflected 2
reckless 2
recently 2
ready 2
readily 2
reader 2
quietly 2
quarters 2
putting 2
public 2
proverbially 2
properly 2
profession 2
produce 2
procure 2
proceed 2
probably 2
prison 2
prior 2
presented 2
preferred 2
preferences 2
predestinated 2
pray 2
post-office 2
post 2
polite 2
police 2
pointing 2
pocket 2
please 2
plan 2
placed 2
pieces 2
persuaded 2
perpetual 2
permitted 2
permanently 2
perfect 2
perceive 2
people 2
pen 2
peeped 2
peace 2
paused 2
pause 2
passive 2
passing 2
passages 2
parts 2
panes 2
pained 2
pain 2
owe 2
overheard 2
others 2
order 2
opportunity 2
opinion 2
opening 2
odd 2
occasions 2
occasionally 2
occasional 2
observed 2
oats 2
noticed 2
note 2
nor 2
nippers's 2
nigh 2
newspaper 2
nervousness 2
needless 2
need 2
necessity 2
neat 2
names 2
named 2
murmured 2
murder 2
mrs 2
moved 2
move 2
motionless 2
motion 2
morsel 2
monroe 2
miserable 2
mischief 2
minutes 2
middle 2
mention 2
mending 2
mat 2
masterly 2
master 2
man's 2
maledictions 2
lustrous 2
love 2
lofty 2
lo 2
lives 2
list 2
line 2
lengthy 2
length 2
leaving 2
lay 2
lawyers 2
lawyer's 2
law-copyists 2
lad 2
knowing 2
knee 2
kind 2
killed 2
keeping 2
justified 2
justice 2
judgment 2
jerking 2
jail 2
item 2
irritable 2
irritability 2
involuntarily 2
intolerable 2
interview 2
intervals 2
interval 2
interesting 2
intent 2
intended 2
instantly 2
insolent 2
insisted 2
inserted 2
innocent 2
inkstand 2
inflamed 2
industry 2
indulgent 2
induced 2
increased 2
incensed 2
important 2
impatiently 2
immovable 2
imagined 2
imagine 2
ill 2
ignominiously 2
i'll 2
i'd 2
hurry 2
hundred 2
humor 2
huge 2
hot 2
hopelessness 2
hope 2
honesty 2
holding 2
hired 2
hint 2
hence 2
held 2
height 2
heat 2
health 2
haste 2
hard 2
hall 2
half 2
hairs 2
group 2
greatly 2
grate 2
grand 2
ghost 2
generous 2
general 2
gave 2
future 2
fully 2
frequently 2
freely 2
frame 2
fourth 2
form 2
forlorn 2
forgers 2
following 2
folio 2
flurried 2
flighty 2
fixture 2
fixed 2
five 2
fit 2
firm 2
finger 2
finally 2
fiery 2
fell 2
fears 2
fearful 2
fare 2
fain 2
faculties 2
expression 2
exasperated 2
examined 2
examination 2
exactly 2
evil 2
errand 2
entrance 2
entering 2
englishman 2
endeavor 2
empty 2
employed 2
emotions 2
eminently 2
elderly 2
either 2
effects 2
edwards 2
easy 2
earthly 2
earnest 2
dressed 2
dollar 2
doesn't 2
disposition 2
dismissing 2
dismissed 2
disarmed 2
disappeared 2
dining 2
dine 2
dim 2
dilemma 2
despairing 2
desired 2
deserted 2
departure 2
demanded 2
delay 2
degree 2
deficient 2
deferentially 2
deeply 2
deep 2
deem 2
decline 2
deceived 2
daily 2
credit 2
courts 2
copyists 2
convenient 2
continued 2
contact 2
constitution 2
consternation 2
constant 2
considerations 2
considerably 2
confidence 2
conferred 2
conclusion 2
comply 2
complete 2
complained 2
compare 2
commanded 2
column 2
cold 2
closely 2
clients 2
city 2
cicero 2
church 2
chose 2
chiefly 2
charity 2
character 2
carry 2
cakes 2
cadaverous 2
buttoning 2
buttoned 2
bust 2
burned 2
budge 2
briefly 2
brief 2
brick 2
boy 2
bore 2
blot 2
block 2
blandest 2
bills 2
bill 2
beings 2
behold 2
beer 2
become 2
bear 2
banister 2
bad 2
awhile 2
avocations 2
attorney 2
attempt 2
astor 2
assured 2
assumptions 2
asking 2
ask 2
aside 2
arranged 2
apron 2
approached 2
applying 2
application 2
apple 2
apparition 2
apartments 2
ambition 2
aint 2
ah 2
agreeable 2
ago 2
age 2
affair 2
advancing 2
additional 2
adams 2
adam 2
act 2
across 2
acquiesced 2
acquainted 2
acquaintance 2
acknowledge 2
accuracy 2
absolutely 2
abode 2
yours.-will 1
yours 1
yourn 1
you-and 1
you'll 1
yesterday 1
yes-queer 1
ye 1
wrought 1
wrongs 1
wrong 1
written:-i 1
writer 1
wrinkle 1
wreck 1
worse 1
worried 1
wore 1
wordiness 1
wondrous 1
wonder 1
woman 1
wold 1
witnesses 1
withstand 1
within-``not 1
withheld 1
withdrawn 1
withal 1
wish 1
wisest 1
wiser 1
wisely 1
winter 1
windsor 1
winding 1
willingly 1
wilfulness 1
wildly 1
wight?-my 1
wide 1
wholesome 1
whisper 1
whiskered 1
whim 1
wherever 1
wherein 1
whereabouts 1
whence 1
weren't 1
well-better 1
weight 1
weighed 1
weep 1
weeks 1
weekly 1
week-days 1
week's 1
wears 1
wearisome 1
weak 1
water 1
watching 1
wasted 1
washington 1
warned 1
warmth 1
ward-politician 1
wane-till 1
wanderer 1
wander 1
walls 1
walking 1
waive 1
waistbands 1
wafers-indeed 1
vulgar 1
voluntary 1
visitors 1
vision 1
visible 1
visage 1
virginia 1
violate 1
vintner 1
villain 1
vile 1
vice 1
vexing 1
versa 1
verily 1
verify 1
vehement 1
vegetarian 1
vegetables 1
veering 1
vastly 1
vanished 1
valuing 1
vain:-i 1
vain 1
vaguely 1
vagary 1
vacancy 1
utterly 1
usurpation 1
usually 1
useless 1
usages 1
urgings 1
upwards 1
uproar 1
upper 1
upbraided 1
unwonted 1
unwilling 1
unwholesome 1
unwarrantable 1
unusually 1
unused 1
unsurmised 1
unsolicited 1
unseemly 1
unreservedly 1
unrelieved 1
unreasonableness 1
unreasonable 1
unprovided 1
unprecedented 1
unofficially 1
unobstructed 1
unnecessary 1
unmoving 1
unless 1
unknown 1
unjust 1
universe 1
unindulged 1
unhoping 1
unheard-of 1
unheard 1
unhallowed 1
ungrateful 1
unexampled 1
undiminished 1
undertake 1
understood 1
understanding 1
understand 1
underneath 1
undeniable 1
unconscious 1
unconditionally 1
uncomfortable 1
uncharitable 1
uncaring 1
unbounded 1
unawares 1
unanswerable 1
unambitious 1
unalterableness 1
unalterable 1
unaffectedly 1
unaccountably 1
unable 1
ugly 1
tyrannized 1
twitching 1
twinges 1
twenty-four 1
turns 1
turf 1
turbulence 1
trying 1
try 1
truly 1
true,-but 1
troubles 1
triumph 1
trim 1
trifling 1
tribulation 1
trespasser 1
trembling 1
trembled 1
treated 1
travel 1
traps 1
transformed 1
transferred 1
tranquil 1
tragedy 1
towel 1
toward 1
touchingly 1
touch 1
torrent 1
tore 1
top 1
tongues 1
to-morrow 1
to-in 1
title-deeds 1
title-deed 1
title 1
tis 1
tingling 1
tin 1
time-try 1
tie 1
thwarting 1
thus!''-and 1
thunderstruck 1
thumb 1
throughout 1
threatened 1
threat 1
thoroughly 1
thoroughfares 1
thither 1
this;-i 1
this,-he 1
thirty-two 1
thirty 1
thinker 1
thin 1
thieves 1
thickness 1
thereupon 1
thereof 1
thereabouts 1
there?-copying 1
there;-first 1
there''-and 1
theory 1
then-you 1
then,-strange 1
then,-good 1
thankful 1
testiness 1
testimony 1
terms 1
terminated 1
tended 1
tenanting 1
ten 1
tempting 1
temporarily 1
temple 1
temperate 1
temperaments 1
telling 1
tea-time 1
tea 1
taxes 1
tattered 1
tape 1
talk 1
takes 1
tacit 1
swiftest 1
swift 1
swept 1
sweeping 1
sweeper 1
swan-like 1
suspicion 1
surroundings 1
surrendering 1
surprised 1
surprise 1
surmises 1
surmised 1
surmise 1
supposition 1
supposed 1
supply 1
superstitious 1
superior 1
superfluous 1
sundry 1
sun-light 1
sun 1
summons 1
summoning 1
summon 1
sulky 1
suggestive 1
suggesting 1
suggested 1
suffrage 1
suffice-in 1
suddenness 1
succor 1
successful 1
suburbs 1
subordinate 1
subject 1
style 1
stunned 1
study 1
student 1
struck 1
strive 1
striding 1
stride 1
strictly 1
strangest 1
strangers 1
story 1
store 1
stopped 1
stop 1
stooping 1
stones 1
stirred 1
stipulations 1
stinging 1
stifled 1
steps 1
steep 1
steaming 1
steal 1
steadiness 1
steadiest 1
stationery 1
stating 1
starting 1
started 1
start 1
stalls 1
staggered 1
stagger 1
squeamishness 1
square 1
spy-glass 1
sprung 1
spread 1
sport 1
spoken 1
split 1
spitzenbergs 1
spiritual 1
spine 1
spilled 1
spicy-after 1
spent 1
speedily 1
speed 1
spectators 1
spectator 1
specimen 1
spasmodic 1
sparkling 1
spark 1
spacious 1
space 1
sources 1
sour 1
sounds 1
souls 1
sorts-was 1
sons 1
son 1
somewhere 1
solved 1
sole 1
soft 1
sofa 1
society 1
socially 1
snatch 1
smoothly 1
smile 1
smell 1
smallest 1
slunk 1
slow 1
slits 1
slip 1
slight 1
skylight 1
sky 1
sixty 1
sixpences 1
sir;-spacious 1
sir-hope 1
sinister 1
single 1
sing-sing 1
sincerest 1
silver 1
silly 1
silks 1
silence 1
sighed 1
sideways 1
side-window 1
sick 1
show 1
shivering 1
shiver 1
shirt-button 1
shillings 1
shield 1
shells 1
sheer 1
sharp 1
shared 1
share 1
shaft 1
shade 1
severer 1
severely 1
service 1
serious 1
serenely 1
serene 1
sequel 1
sentry 1
sentimental 1
sentence 1
sensitive 1
sell 1
self-interest 1
self-indulgent 1
self-approval 1
seized 1
seeking 1
seedy 1
sedate 1
secular 1
seats 1
seated 1
seal 1
scrubbed 1
screened 1
scorned 1
scores 1
science 1
scene 1
scandalizing 1
saying-``with 1
say-i 1
savings 1
saving's 1
saving 1
saved 1
saturdays 1
saturday 1
sanguine 1
sand-box 1
salutation 1
salutary 1
salt 1
sallow 1
sailing 1
said-``is 1
sagacious 1
safeguard 1
sadness 1
rushed 1
running 1
run 1
ruminating 1
ruins 1
ruined 1
rudely 1
rude 1
rub 1
row 1
rousing 1
rounded 1
round,-``and 1
room-that 1
roof 1
roguishly 1
roaring 1
rising 1
rippled 1
rings 1
ring:-the 1
right-hand 1
ricketty 1
rich 1
revolved 1
reverential 1
revealing 1
revealed 1
return 1
retrospectively 1
retribution 1
retorts 1
retire 1
restored 1
restless 1
restive 1
rested 1
response 1
respects 1
respective 1
respectable 1
resort 1
resolving 1
resolves 1
resisting 1
resistance 1
residing 1
residence 1
reserving 1
reserve 1
resembled 1
reseated 1
require 1
request-a 1
reputation 1
repulsion 1
repulsed 1
repulse 1
reproachful 1
reproach 1
replies 1
repeating 1
repeated 1
rent 1
remunerative 1
removing 1
removal 1
remonstrated 1
remember 1
remedying 1
remarkable 1
remains 1
remainder 1
relieved 1
relieve 1
relentless 1
relatives 1
relative 1
relation 1
relate 1
rejoined 1
reinforcement 1
regularity 1
regards 1
regarded 1
refusal 1
refrain 1
refer 1
refectory 1
reeling 1
recovering 1
recovered 1
record 1
recondite 1
reconciled 1
recognized 1
reclining 1
recklessness 1
recital 1
recesses 1
receive 1
recalling 1
recalled 1
rebellion 1
rebelled 1
reasons 1
reasoned 1
reasonable:-say 1
reappear 1
really 1
reading-no 1
reading 1
read 1
reaching 1
reached 1
reach 1
re-entered 1
re-engage 1
rashnesses 1
rashness 1
rapidly 1
rapidity 1
rapid 1
rallying 1
ragged 1
radiant 1
racket 1
quietude 1
quietness 1
quietest 1
quiescent 1
quickest 1
quick-witted 1
quick 1
questions 1
quest 1
quart 1
quantity 1
qualifications 1
quadruplicates 1
quadruplicate 1
pyramids 1
pushed 1
push 1
purveyor 1
pursy 1
pursuit 1
pure 1
purchase 1
pugilistic 1
prudential 1
prudence 1
provocation 1
providence 1
provide 1
proves 1
proved 1
prosperity 1
prospectively 1
propriety 1
proprietor 1
proprieties 1
propose 1
proportion 1
property 1
proof 1
pronouncing 1
prone 1
prompting 1
prompted 1
prompt 1
promising 1
promise 1
project 1
profoundly 1
profoundest 1
profound 1
profits 1
professionally 1
producing 1
procuring 1
procured 1
procession 1
proceeds 1
proceeded 1
probable 1
probability 1
probabilities 1
pro 1
privileges 1
privately 1
prisoners 1
principle-a 1
principle 1
prime 1
priestley 1
pride's 1
previously 1
prevailed 1
pretending 1
pressing 1
presently 1
presentiments 1
presence 1
precisely 1
precise 1
precipitately 1
precious 1
preceding 1
preacher 1
practice-there 1
powers-ambition 1
poverty 1
potations 1
postpone 1
possible-he 1
possessor 1
possession 1
possessing 1
positively 1
portly 1
populous-a 1
ponderings 1
pondered 1
point-blank 1
poetic 1
poet 1
pocket-and-and 1
plume 1
pleasure 1
pleased 1
pleasantly 1
pleasant 1
plate 1
plaster-of-paris 1
plainly 1
plainest 1
placing 1
pityingly 1
pitiably 1
piratical-looking 1
pipe 1
pillar 1
pigeon 1
philanthropy 1
petra 1
perverseness-such 1
perverseness 1
perverse 1
perturbed 1
persuasion 1
personal 1
personage 1
persists 1
persisting 1
persisted 1
persist 1
persecution 1
persecute 1
perplexing 1
pernicious 1
permitting 1
permits 1
permit 1
permanent 1
periods 1
perceptions 1
pensive 1
pens 1
penny-the 1
penniless 1
penetrating 1
penetrate 1
pence 1
peering 1
peered 1
peculiarities 1
patience 1
pasteboard 1
past 1
passivity 1
passiveness 1
passions 1
party 1
parting 1
particles 1
paroxysms 1
pardon 1
paramount 1
paper-weight 1
pantaloons 1
panel 1
pallor 1
pallid-how 1
palely 1
painters 1
paid 1
pages 1
page-is 1
page 1
padded 1
pacified 1
p.m 1
overturn 1
overpowering 1
overlook 1
outside 1
outright 1
outrages 1
outlive 1
originally 1
oriental 1
organization 1
organic 1
ordinary 1
ordinarily 1
orbicular 1
oratorically 1
opposition 1
operates 1
operate 1
openly 1
ones 1
omnibus 1
oily 1
officer 1
office-room 1
office-boy 1
offended 1
odds 1
occupy 1
occupation 1
occupant 1
occupancy 1
occasioned 1
obtruded 1
obtained 1
obtain 1
obstreperousness 1
obstreperous 1
obstacle 1
observations 1
observable 1
obscurely 1
oblivious 1
objection 1
object 1
obeying 1
oaf 1
nuts 1
nut-shell 1
numerous 1
nuisance 1
nudity 1
now-pallidly 1
now-not 1
notice 1
noted 1
not-unpleasing 1
nonchalance 1
non-success 1
noisy 1
noiselessly 1
noiseless 1
noise 1
noble 1
nippers-``i'd 1
nightfall 1
night's 1
nicknames 1
nice 1
new-york 1
nettled 1
nervously 1
necklace 1
neck 1
necessities 1
necessary 1
near-sighted 1
near 1
nay-if 1
native 1
narrowly 1
narrow 1
narrator's 1
narrative 1
narrated 1
naked 1
mysterious 1
mysteries 1
mutually 1
mute 1
murderers 1
munched 1
mulish 1
mule 1
moving 1
mouths 1
moulders 1
motive 1
motionlessness 1
motioned 1
mortified 1
mortgages 1
mortgage 1
mortal,-you 1
mortal 1
morbid 1
moon-struck 1
moods 1
moodiness 1
months 1
moments 1
momentary 1
mollified 1
moistening 1
moisten 1
mobbed 1
mob 1
mixed 1
misunderstood 1
mistakes 1
mississippi 1
mission 1
misfortune 1
miserably 1
mirror 1
minds 1
millstone 1
mildness 1
mid 1
mettlesome 1
methodically 1
method 1
meridian-his 1
merge 1
mercy's 1
merchants 1
mental 1
men's 1
melville 1
meditate 1
mechanically 1
mechanical 1
meat-like 1
measures 1
meanwhile 1
meant 1
meagre 1
me-one 1
me-no 1
me-he 1
me-gesticulating 1
me-``i'd 1
me,-this 1
mayoralty 1
mature 1
materials 1
matched-for 1
mastered 1
master's 1
masonry 1
mason 1
marshal 1
marius 1
march 1
mankind 1
manifestations 1
manhattanville 1
management 1
man-here 1
makes 1
mainly 1
mail 1
magical 1
magic 1
lying 1
lurking 1
lurk 1
luny 1
luckily 1
lowered 1
low 1
loudly 1
louder 1
loss 1
losing 1
loose 1
longed 1
long-lived 1
long-continued 1
loneliness 1
loiter 1
loftier 1
lodgings 1
living 1
lived 1
literature 1
listening 1
listen 1
lips 1
lines 1
limb 1
lightning 1
life-lease 1
lies-sleeping 1
lie 1
lid 1
letting 1
lethargic 1
lessen 1
legs 1
legitimate 1
leaves 1
learned 1
learn 1
leanly 1
leaning 1
leaned 1
lead 1
laying 1
laws 1
law-chambers 1
latter 1
lateral 1
largely 1
landscape 1
landlord's 1
landing 1
laid 1
labors 1
labor 1
knuckles 1
knowledge 1
knotted 1
knocking 1
knocked 1
knob 1
knees 1
kings 1
kindly 1
kindest 1
kick 1
keys 1
keenly 1
justices 1
jury 1
jumping 1
joy 1
jostle 1
joined 1
join 1
jingling 1
jersey 1
jerk 1
jealousy's 1
it?-of 1
isolate 1
irritated 1
irreversible 1
irresistibly 1
irresistible 1
irreparable 1
inward 1
involuntary 1
invocation 1
invisible 1
inveteracy 1
invention 1
invariably 1
invariable 1
invade 1
intruded 1
introducing 1
introduce 1
intolerably 1
intimating 1
intimated 1
interrupted 1
interment 1
interior 1
interested 1
interest 1
intends 1
intelligence 1
instinctively 1
instead 1
inspirited 1
inspection 1
insolence 1
inside 1
insensible 1
inscrutable 1
inquiring 1
innate 1
ink 1
injunction 1
inhumane 1
inherent 1
ingenious 1
information 1
inform 1
inflexible 1
infirmities 1
inferior 1
industrious 1
indulgence 1
indulged 1
indulge 1
indubitably 1
indignation 1
indignant 1
indifferently 1
indifference 1
indicated 1
indefinite 1
indecorous 1
incurably 1
incurable 1
incubus 1
inconvenience 1
incontinently 1
income 1
inclosure 1
inclosed 1
incipient 1
incidentally 1
incidental 1
inches 1
incessant 1
incentives 1
incautiously 1
incautious 1
inadvertently 1
inadvertence 1
impulse 1
imprudently 1
improved 1
improve 1
imprisoned 1
imprimis 1
impress 1
impotent 1
impossible 1
implied 1
impertinence 1
imperative 1
impaired 1
immoral 1
immobility 1
illiberal 1
ill-tempered 1
i-``that's 1
husky 1
hurrying 1
hurriedly 1
hunter 1
hunted 1
hungers 1
hums 1
humanizing 1
humanity 1
hue 1
huddled 1
how's 1
hovered 1
hour-it 1
hour 1
horses 1
horse 1
horrible 1
honorable 1
honest 1
homeward 1
home-thrust 1
holes 1
hold 1
hoboken 1
histories 1
hissing 1
hissed 1
hire 1
hinted 1
hindrance 1
highly-respectable 1
highly 1
higher 1
high-tempered 1
hides 1
hesitation 1
herself 1
herman 1
hereafter 1
here-take 1
helpless 1
helped 1
heighten 1
heeding 1
hectoring 1
heavy 1
heartless 1
heaped 1
heads 1
headed 1
haunting 1
haunt 1
haughtiness 1
hatred's 1
hath 1
harsh 1
harmed 1
happy 1
happiness 1
happened 1
hapless 1
handy 1
handling 1
handled 1
handkerchief 1
handful 1
handed 1
halls 1
half-past 1
haggard 1
habits 1
habit 1
guards 1
grub-man's 1
growing 1
grounds-cool 1
groped 1
gritted 1
grinning 1
grinding 1
grind 1
grin 1
grimy 1
grim 1
green 1
grave 1
gratify 1
gratification 1
grass-seed 1
grass-platted 1
grass 1
grappled 1
gradually 1
gradual 1
gorge 1
good-natured 1
going-good-bye 1
god 1
gobble 1
goaded 1
go?-done 1
glowing 1
glow 1
glory 1
glimpse 1
glazed 1
glass 1
glance 1
glad 1
ginger-cake 1
gesture 1
gentler 1
gentleness 1
gentleman's 1
gentle 1
genteel-like 1
genius 1
gazing 1
gay 1
gather 1
gallantly 1
gala 1
gainsay 1
gaining 1
furthermore 1
furniture 1
furnish 1
functionary 1
fumes 1
fumbling 1
fullest 1
fugitive 1
fronting 1
fro 1
frighten 1
friendly 1
friendlessness 1
friction 1
freedom 1
free 1
fraternal 1
fortunate 1
forming 1
formerly 1
former 1
forlornness 1
forlornest 1
forgetful 1
forget 1
forger 1
foremost 1
forebodings 1
forbidding 1
forbade 1
footfall 1
foot 1
fondness 1
followed 1
folding-door 1
folding 1
foe 1
flying 1
flute-like 1
flown 1
florid 1
flight 1
flavoring 1
flat 1
flames 1
flamed 1
fitted 1
fits 1
fists 1
fire 1
fine 1
filled 1
files 1
filed 1
figure 1
fetch 1
fervid 1
fellows 1
fellow-feeling 1
feelings 1
feared 1
fear 1
favor 1
faults 1
fathom 1
father 1
fate 1
fatal 1
fast 1
fancyings-chimeras 1
fancy 1
famishing 1
familiarly 1
faltering 1
falling 1
fall 1
faith 1
fairly 1
fair 1
faintest 1
faint 1
failure 1
failings 1
fail 1
facts 1
faces 1
eyesight 1
eye 1
extinct 1
extended 1
exquisite 1
expressive 1
express 1
exposed 1
expiration 1
experienced 1
expenses 1
expectancy 1
exist 1
exhibited 1
exercise 1
exemptions 1
exempt 1
execable 1
excuse 1
exclaiming 1
exciting 1
excessive 1
exceeding 1
exasperating 1
example 1
evinces 1
evinced 1
evident 1
everlasting 1
ever,-but 1
eventually 1
evening 1
europe 1
eternity 1
eternal 1
established 1
essayed 1
escape 1
errands 1
err 1
erections 1
entreated 1
entreat 1
enthusiasm 1
entertained 1
entertain 1
enter 1
ensued 1
enough 1
enlists 1
enlisted 1
enlist 1
enjoy 1
enhance 1
engage 1
endeavored 1
encounter 1
enact 1
enabling 1
emptiness 1
employments 1
employment 1
employer 1
employees 1
emphasizing 1
emerging 1
emerge 1
embrace 1
em-can't 1
elsewhere 1
elicit 1
eleven 1
election 1
eight 1
eh!-he's 1
eh 1
egyptian 1
effrontery 1
efforts 1
efficacy 1
effectually 1
effectual 1
echoes 1
echoed 1
eccentric 1
eating-houses 1
eating 1
eat 1
easing 1
easiest 1
ears 1
early 1
earlier 1
ear 1
eagerness 1
dyspeptic 1
dwelling-and 1
duties 1
dutch 1
dusty 1
dusted 1
dun 1
dubious 1
dry-goods 1
dry 1
drown 1
drove 1
driving 1
driven 1
drive 1
drew 1
dreamy 1
dreadfully 1
dreadful 1
draws 1
drawn 1
drawer-up 1
drawer 1
drank 1
dragged 1
downy 1
doubts,-i 1
door-since 1
done?-a 1
done-though 1
done-i 1
don't 1
domestic 1
dome 1
dollars 1
doff 1
dodging 1
doctrine 1
do-namely 1
do-i 1
divulge 1
divine 1
divided 1
divers 1
disturbed 1
distress 1
distinctly 1
dissipation 1
disqualified 1
disposed 1
displeased 1
displayed 1
dispatching 1
dispatched 1
dispatch 1
dispassionate 1
disorder 1
dismission 1
dismiss 1
dismantled 1
disinterested 1
dishonor 1
dishabille 1
disgraceful 1
diseased 1
disdain 1
discoveries 1
discovered 1
discontent 1
disconcerted 1
discharged 1
disagree 1
directory 1
directly 1
directed 1
dipping 1
dinners 1
dinner-hour 1
dined 1
dimly 1
dime 1
diligence 1
digestion 1
difficulty 1
difficult 1
die 1
dictate 1
diabolical 1
devotions 1
determining 1
determined 1
determination 1
detained 1
despondency 1
desperation 1
desk:-then 1
desire 1
description 1
described 1
deportment 1
deploy 1
deplore 1
dependent 1
departing 1
departed 1
depart-as 1
denying 1
densely-populated 1
denouncing 1
demonstrations 1
demented 1
demeanor 1
demands 1
delivered 1
delighted 1
delicious 1
delicate 1
defray 1
definite 1
deference 1
deeper 1
decorous 1
declared 1
declare 1
decision 1
decide 1
decently 1
decease 1
debating 1
death 1
deal 1
dark 1
dared 1
dangerous 1
customs 1
custom 1
cushioned 1
curious 1
culminate 1
crunching 1
crumbs 1
cruelty 1
crowding 1
crowded 1
crossing 1
crossed 1
critical 1
crisp 1
crimpy 1
credited 1
courtesy 1
court 1
coupling 1
country 1
counted 1
count 1
counsellors 1
couched 1
cost 1
corridors 1
corridor 1
corps 1
coolest 1
cool 1
conviction 1
conveyancer 1
conversation,-how 1
conversation 1
convenience 1
contrasted 1
contrast 1
contracted 1
continual 1
contents 1
contentedly 1
content 1
contemplating 1
contained 1
contain 1
consumption 1
construe 1
constructing 1
constituents 1
constables 1
constable 1
consist 1
considering 1
consequent 1
connection 1
connected 1
conjoined 1
conflicting 1
confined 1
confidential 1
confess 1
conducted 1
condolence 1
condition 1
conclude 1
concerned 1
conceive 1
conceivable 1
con 1
compressing 1
comprehended 1
composed 1
compliment 1
complicated 1
completely 1
compatriot 1
compassionated 1
compassionate 1
comparing 1
comparatively 1
company 1
companion 1
commit 1
commended 1
commands 1
commandment 1
comfortable 1
comfort 1
comes 1
combativeness 1
columns 1
coloring 1
collecting 1
collared 1
coincidences 1
coffee 1
coaxing 1
coals 1
coal 1
cloudless 1
clothes 1
cling 1
client 1
clefts 1
clearly 1
clearest 1
clear 1
cleaner 1
clapping 1
claim 1
civility 1
civilest 1
cistern 1
circumstance 1
circulation 1
circle 1
church-going 1
christmas 1
choleric 1
chips 1
chin 1
chief 1
cheese 1
cheerfully 1
check 1
cheaply 1
charmed 1
charm 1
charity:-he 1
charity's 1
charitably 1
charitable 1
charged 1
characters 1
changed 1
chances 1
chamber 1
chairs 1
chafing 1
cents 1
cell 1
celebrated 1
causing 1
caused 1
cause-indigestion-the 1
cause 1
caught 1
casting 1
cases 1
carts 1
carthage 1
cart-load 1
cart 1
carrying 1
carried 1
carman 1
carelessly 1
carefully 1
careful 1
care-free 1
capacities 1
cannel 1
cane 1
candle-light 1
candidate 1
canal-street 1
can't 1
calamities 1
cake-small 1
cake 1
cadaverously 1
c 1
bystanders 1
byron 1
button 1
business-that 1
bundle 1
bullying 1
bullion 1
built 1
brush 1
browbeaten 1
brooding 1
broad 1
bring 1
brilliant 1
bright 1
bricks 1
bribes 1
breeding 1
breathe 1
breakfast 1
break 1
bravado 1
brass 1
brandy-like 1
brandy 1
brain-led 1
boxing 1
box 1
bow 1
bound-to-to-to 1
bound-indeed 1
bound 1
bottom 1
born 1
books 1
bonds 1
bond 1
bold 1
boiler 1
blunders 1
blue 1
blotting 1
blotted 1
blocks 1
blind 1
blessed 1
bless 1
blending 1
blazonry 1
blazing-but 1
blazed 1
blankly 1
blanket-like 1
blanket 1
blandly 1
blacking 1
bitterly 1
bitter 1
bits 1
birth 1
birds 1
biography 1
biographies 1
billeted 1
bids 1
bidding 1
beyond 1
betokened 1
bent 1
benevolently 1
beneficially 1
bench 1
belong 1
behavior 1
behalf 1
begin 1
begged 1
beggarly 1
befriend 1
before-would 1
beer-nippers 1
bed 1
beckoned 1
beauty 1
beautiful 1
beauties 1
beams 1
basis 1
basin 1
base 1
bar-tender's 1
bank-note 1
bank 1
banisters 1
bandanna 1
bald 1
balanced 1
baggy 1
back-yards 1
bachelor's 1
b 1
awed 1
awakes 1
awakening 1
awaken 1
avoid 1
averse 1
avail 1
authority 1
austere 1
augmented 1
aught 1
audibly 1
attracted 1
attitude 1
attic 1
attenuated 1
attentively 1
attention 1
attaches 1
atlantic 1
ate 1
astoria 1
astor's 1
astonishment 1
astonished 1
assorting 1
associations-an 1
assign 1
assert 1
asleep 1
ascertainable 1
ascertain 1
ascendency 1
ascendancy 1
array 1
around 1
arisen 1
arguing 1
argue 1
arduous 1
approved 1
approaching 1
apprised 1
apprentice 1
apprehension 1
appreciate 1
appointed 1
applause 1
appears 1
appearance;-this 1
appeal 1
apartment 1
apart 1
anxiously 1
anticipations 1
anthracite 1
answerable 1
annually 1
annoyances 1
angry 1
angle 1
anger's 1
anger 1
and-preferred 1
amiss 1
amid 1
ambitious 1
ambiguous-looking 1
amazing 1
altercation 1
aloof 1
along 1
alms-house 1
alms 1
allude 1
alleged 1
all-wise 1
alive 1
ale 1
alarmed 1
alacrity 1
ajar 1
aid 1
agreeably 1
agitation 1
aghast 1
aggravates 1
agent 1
age-even 1
afterwards 1
afternoons 1
afforded 1
afford 1
afflictive 1
affections 1
affected 1
advise 1
advertisement 1
advent 1
advance 1
adopt 1
ado 1
admonitions 1
admitting 1
admit 1
admission 1
administration 1
adjustment 1
adequately 1
adequate 1
addresses 1
addressed 1
added-``after 1
add 1
adapted 1
acuteness 1
actual 1
actor 1
activity 1
acting 1
act-an 1
acquisition 1
aching 1
ace 1
accosted 1
accord 1
accomplishing 1
accomplish 1
accidentally 1
accessible 1
accent 1
absurdly 1
absurd 1
abstaining 1
absent-mindedness 1
absent 1
absence 1
abruptly 1
abrogation 1
abridge 1
abiding 1
abide 1
aberration 1
abated 1
abate 1
a--premature 1
6 1
 1
