the 168
i 109
of 75
and 62
a 62
to 49
he 45
it 38
my 34
in 34
was 28
you 25
said 24
not 21
had 21
is 20
with 19
that 18
from 18
his 17
amontillado 17
upon 16
but 16
for 15
at 15
will 14
have 14
as 14
are 14
fortunato 13
be 13
him 12
we 11
no 11
me 11
us 10
this 9
your 8
which 8
replied 8
one 8
let 8
its 8
ugh 7
these 7
there 7
friend 7
by 7
about 7
yes 6
were 6
them 6
on 6
luchresi 6
long 6
go 6
catacombs 6
bones 6
back 6
an 6
again 6
when 5
wall 5
vaults 5
two 5
recess 5
nitre 5
into 5
did 5
bells 5
been 5
within 4
walls 4
ugh!-ugh 4
tier 4
through 4
then 4
their 4
still 4
so 4
passed 4
now 4
nothing 4
must 4
man 4
last 4
how 4
grew 4
good 4
few 4
crypt 4
cough 4
cannot 4
arm 4
wine 3
who 3
well 3
very 3
trowel 3
time 3
they 3
stone 3
should 3
see 3
return 3
pipe 3
perceive 3
paused 3
our 3
other 3
niche 3
more 3
medoc 3
matter 3
make 3
low 3
length 3
jingled 3
impossible 3
himself 3
has 3
hand 3
great 3
foot 3
flambeaux 3
first 3
eyes 3
down 3
doubts 3
depth 3
damp 3
come 3
came 3
all 3
yet 2
wrong 2
words 2
without 2
while 2
voice 2
vain 2
use 2
up 2
unredressed 2
turned 2
true 2
torch 2
took 2
too 2
thus 2
thrust 2
throwing 2
threw 2
three 2
thought 2
tell 2
stood 2
stepped 2
soon 2
some 2
solid 2
smile 2
sign 2
sherry 2
several 2
seemed 2
roquelaire 2
rich 2
respected 2
reply 2
reached 2
punish 2
proceed 2
position 2
point 2
plastered 2
placed 2
piled 2
own 2
over 2
orders 2
or 2
only 2
once 2
old 2
off 2
nature 2
myself 2
much 2
most 2
montresors 2
moment 2
minutes 2
merely 2
masonry 2
mason 2
many 2
made 2
love 2
looked 2
like 2
light 2
lay 2
laugh 2
late 2
laid 2
jest 2
intoxication 2
interior 2
instant 2
indeed 2
human 2
head 2
ha 2
granite 2
gone 2
god 2
given 2
fourth 2
found 2
followed 2
finished 2
felt 2
feet 2
feeble 2
enough 2
engagement 2
end 2
during 2
drink 2
drawing 2
draught 2
done 2
cry 2
could 2
continued 2
cold 2
chain 2
carnival 2
cap 2
called 2
bottle 2
beneath 2
began 2
answer 2
another 2
among 2
yells 1
wringing 1
would 1
worn 1
work 1
wore 1
word 1
wont 1
withdrawing 1
wines 1
wine-he 1
winding 1
width 1
whose 1
whither 1
white 1
whenever 1
what 1
weight 1
web-work 1
weak 1
way 1
warmth 1
warm 1
waist 1
vowed 1
volume 1
virtuoso 1
violently 1
vintages 1
vigorously 1
vibration 1
ventured 1
vault 1
utterance 1
upwards 1
uplifting 1
until 1
unsteady 1
unsteadily 1
unsheathing 1
unneccessarily-but 1
understood 1
understand 1
uncovered 1
turn 1
true-true 1
trickle 1
trembled 1
towards 1
tool 1
told 1
together 1
to-day 1
tight-fitting 1
thrown 1
throat 1
threat 1
thousand 1
third 1
than 1
termination 1
tenth 1
taste 1
task 1
surprise 1
surpassed 1
surmounted 1
surface 1
supreme 1
suppose 1
supports 1
suites 1
suit 1
sufficient 1
suffered 1
suddenly 1
such 1
succession 1
succeeded 1
subsided 1
stupidly 1
struggled 1
strode 1
strength 1
stir 1
staples 1
staircase 1
spoken 1
spirit 1
speaking 1
sparkled 1
spacious 1
soul 1
skilful 1
skeletons 1
size 1
sixth 1
six 1
single 1
sincere 1
silly 1
silk 1
silence 1
sides 1
side 1
sick 1
shrill 1
short 1
shall 1
severe 1
seventh 1
seven 1
settled-but 1
serpent 1
seize 1
secure 1
seconds 1
second 1
season 1
search 1
screams 1
sconces 1
scarcely 1
satisfy 1
satisfied 1
satisfaction 1
sat 1
sad 1
row 1
rout 1
rooms 1
roof 1
rock 1
river's 1
risk 1
rheum 1
revenge 1
retribution 1
resumed 1
rest 1
responsible 1
respect 1
resolved 1
resist 1
requiescat 1
requesting 1
repose 1
replacing 1
repeated 1
render 1
remote 1
remarkably 1
remains 1
remaining 1
remained 1
regards 1
reechoed 1
redresser 1
recovered 1
recoiling 1
recognizing 1
recesses 1
received 1
reassured 1
reapproached 1
re-erected 1
rays 1
rather 1
rapier 1
range 1
rampart 1
rampant 1
raised 1
quantity 1
quack 1
putting 1
puncheons 1
pry 1
proper 1
promiscuously 1
progress 1
producing 1
proceeded 1
prided 1
price 1
presenting 1
precluded 1
precious 1
practice 1
power 1
possessed 1
positively 1
portion 1
poor 1
point-this 1
poe 1
pleased 1
pile 1
person 1
perceived 1
pay 1
passes 1
pass 1
partially 1
parti-striped 1
part 1
paris 1
palazzo-the 1
palazzo-he 1
palazzo 1
painting 1
padlock 1
paces 1
pace 1
overtakes 1
overhead 1
out 1
ornamented 1
orbs 1
opportunity 1
offering 1
obstinate 1
observe 1
numerous 1
nor 1
noise 1
nodded 1
noble 1
ninth 1
new 1
nevertheless 1
never 1
nemo 1
neither 1
neck 1
nearly 1
movement-a 1
mound 1
mould 1
motto 1
motley 1
moss 1
mortar 1
mortal 1
morning 1
montresor 1
moisture 1
moaning 1
missed 1
millionaires 1
might 1
midnight 1
middle 1
met 1
merry 1
mere 1
measure 1
materials 1
materially;-i 1
match 1
masons 1
mason-work 1
mask 1
manner 1
madness 1
luckily 1
loud 1
losing 1
looking 1
little 1
lips 1
links 1
lined 1
life 1
level 1
less 1
leer 1
led 1
leave 1
leaned 1
laughed 1
lasted 1
largely 1
lady 1
lacessit 1
labours 1
labour 1
know 1
knocked 1
knew 1
kill 1
key 1
joke 1
jingling 1
itself 1
italians 1
italian 1
iron 1
interval 1
interruption 1
interrupted 1
intermingling 1
intention 1
insure 1
insult 1
insufferably 1
inmost 1
injuries 1
indication 1
indeed-an 1
increases 1
impunity 1
impune 1
imposture 1
imposed 1
impose 1
implore 1
impatient 1
immolation 1
immediately 1
immediate 1
imbedded 1
ill 1
ignoramus 1
if 1
idea 1
hurry 1
huge 1
however 1
house 1
horizontally 1
honour 1
home 1
holding 1
him-``my 1
hesitated 1
herein 1
here 1
help 1
height 1
heels 1
heel 1
heavily 1
heart 1
hearkened 1
hearken 1
heard 1
health 1
he!-yes 1
he!-over 1
he!-he 1
he!-a 1
hastened 1
happy 1
hangs 1
half 1
hairs 1
ha!-he 1
ground 1
grotesque 1
grope 1
grave 1
glow 1
gleams 1
giving 1
getting 1
gesticulation 1
gemmary 1
gave 1
gait 1
furious 1
full 1
four 1
foulness 1
forward 1
fortunato-although 1
forth 1
forming 1
formed 1
form 1
forget 1
forced 1
fools 1
folds 1
flashed 1
flame 1
flacon 1
fitted 1
finding 1
filmy 1
figure 1
fifth 1
fierce 1
field 1
fettered 1
fellows 1
feeling 1
fearful 1
feared 1
fashion 1
farther 1
fangs 1
fancy 1
family 1
familiarly 1
fall 1
fails 1
face 1
fabric 1
extremity 1
extensive 1
exposed 1
explicit 1
exclaimed 1
excessive 1
excellent 1
evening 1
even 1
especial 1
erected 1
ere 1
equally 1
entrance 1
enthusiasm 1
engagement;-come 1
engaged 1
endeavoured 1
encrusted 1
encountered 1
enable 1
emptied 1
eleventh 1
elbow 1
ejaculated 1
eighth 1
edgar 1
earth 1
earliest 1
each 1
dusk 1
dull 1
drunken 1
drops 1
drinking 1
drew 1
dress 1
doubt 1
do 1
disturbed 1
distinguish 1
distilled 1
distant 1
displacing 1
discovered 1
disappearance 1
difficulty 1
differ 1
die 1
destined 1
descent 1
descending 1
descended 1
depended 1
definitiveness 1
definitively 1
defend 1
deep 1
deed 1
decision 1
dear 1
de 1
damps 1
dampness 1
d'or 1
crushes 1
critical 1
countrymen 1
consulting 1
constructed 1
connoisseurship 1
conical 1
comprehend 1
completed 1
colossal 1
closely 1
close 1
cloak 1
clanking 1
clamourer 1
clamoured 1
circumscribing 1
chained 1
century 1
ceased 1
cavern 1
cautious 1
caution 1
caused 1
cause 1
casks 1
cask 1
busied 1
bursting 1
buried 1
building 1
brotherhood 1
broke 1
british 1
brief 1
breath 1
breast 1
bowed 1
bought 1
borne 1
bold 1
black 1
bewildered 1
between 1
best 1
besides 1
below 1
beloved 1
before 1
bed 1
bargain 1
backed 1
azure 1
awaiting 1
avenger 1
avenged 1
austrian 1
attentions 1
attendants 1
astounded 1
astonishment 1
asked 1
aside 1
arrived 1
arrested 1
around 1
arms 1
archway 1
arches 1
appeared 1
aperture 1
any 1
answered 1
am 1
aloud 1
allan 1
alarming 1
air 1
aided 1
aid 1
against 1
afflicted 1
adopted 1
admired 1
accosted 1
absconded 1
above 1
